<?xml version="1.0" encoding="utf-8"?><testsuites name="pytest tests"><testsuite name="pytest" errors="0" failures="0" skipped="0" tests="18" time="16.616" timestamp="2026-07-16T21:28:52.694171+00:00" hostname="agent-env-f9d66c57-c824-47b6-b3aa-41b5eb44ee15"><testcase classname="backend.tests.backend_test.TestSettings" name="test_get_settings" time="0.073" /><testcase classname="backend.tests.backend_test.TestSettings" name="test_patch_settings_persists" time="0.162" /><testcase classname="backend.tests.backend_test.TestImport" name="test_preview_valid" time="0.051" /><testcase classname="backend.tests.backend_test.TestImport" name="test_preview_invalid_returns_400" time="0.049" /><testcase classname="backend.tests.backend_test.TestDemo" name="test_demo_creates" time="0.050" /><testcase classname="backend.tests.backend_test.TestDemo" name="test_demo_idempotent" time="0.049" /><testcase classname="backend.tests.backend_test.TestContactsCRUD" name="test_list_contacts" time="0.052" /><testcase classname="backend.tests.backend_test.TestContactsCRUD" name="test_get_contact" time="0.051" /><testcase classname="backend.tests.backend_test.TestContactsCRUD" name="test_get_missing_contact_404" time="0.049" /><testcase classname="backend.tests.backend_test.TestContactsCRUD" name="test_patch_valid_delay" time="0.053" /><testcase classname="backend.tests.backend_test.TestContactsCRUD" name="test_patch_invalid_delay_low" time="0.050" /><testcase classname="backend.tests.backend_test.TestContactsCRUD" name="test_patch_invalid_delay_high" time="0.050" /><testcase classname="backend.tests.backend_test.TestContactsCRUD" name="test_patch_auto_reply_toggle" time="0.102" /><testcase classname="backend.tests.backend_test.TestImportConfirmAndCascade" name="test_confirm_and_delete" time="5.394" /><testcase classname="backend.tests.backend_test.TestMessagesAutoReply" name="test_full_auto_reply_flow" time="1.790" /><testcase classname="backend.tests.backend_test.TestMessagesAutoReply" name="test_cancel_pending" time="0.149" /><testcase classname="backend.tests.backend_test.TestMessagesAutoReply" name="test_send_as_me_clears_pending" time="0.154" /><testcase classname="backend.tests.backend_test.TestReanalyze" name="test_reanalyze" time="8.176" /></testsuite></testsuites>