<?xml version="1.0" encoding="utf-8"?><testsuites name="pytest tests"><testsuite name="pytest" errors="0" failures="0" skipped="0" tests="11" time="3.101" timestamp="2026-07-16T21:53:03.791613+00:00" hostname="agent-env-f9d66c57-c824-47b6-b3aa-41b5eb44ee15"><testcase classname="backend.tests.whatsapp_features_test.TestWhatsAppConfig" name="test_get_config_shape_and_stability" time="0.157" /><testcase classname="backend.tests.whatsapp_features_test.TestWhatsAppConfig" name="test_post_config_fake_creds_returns_400" time="0.150" /><testcase classname="backend.tests.whatsapp_features_test.TestWebhookVerify" name="test_correct_verify_token_echoes_challenge" time="0.103" /><testcase classname="backend.tests.whatsapp_features_test.TestWebhookVerify" name="test_wrong_verify_token_403" time="0.053" /><testcase classname="backend.tests.whatsapp_features_test.TestWebhookReceive" name="test_unknown_number_returns_ok_and_logs_skipped" time="0.563" /><testcase classname="backend.tests.whatsapp_features_test.TestContactPatch" name="test_wa_number_normalization_and_clear" time="0.042" /><testcase classname="backend.tests.whatsapp_features_test.TestContactPatch" name="test_custom_instructions_length_validation" time="0.008" /><testcase classname="backend.tests.whatsapp_features_test.TestContactPatch" name="test_exclude_unset_preserves_custom_instructions" time="0.027" /><testcase classname="backend.tests.whatsapp_features_test.TestLogs" name="test_logs_sorted_desc" time="0.049" /><testcase classname="backend.tests.whatsapp_features_test.TestLogs" name="test_logs_include_whatsapp_skipped" time="0.049" /><testcase classname="backend.tests.whatsapp_features_test.TestCustomInstructionsInAutoReply" name="test_custom_instructions_respected" time="1.826" /></testsuite></testsuites>